<?xml version="1.0" encoding="UTF-8" ?>
<testsuite tests="1" failures="0" name="TestingJenkins" time="120.825" errors="1" skipped="0">
  <properties>
[...]
</properties>
  <testcase classname="TestingJenkins" name="hello" time="120.825">
    <error message="An element could not be located on the page using the given search parameters. (WARNING: The server did not provide any stacktrace information)
Command duration or timeout: 16.59 seconds
For documentation on this error, please visit: http://seleniumhq.org/exceptions/no_such_element.html
Build info: version: &apos;2.46.0&apos;, revision: &apos;61506a4624b13675f24581e453592342b7485d71&apos;, time: &apos;2015-06-04 10:22:50&apos;
System info: host: &apos;rahul-Lenovo-G50-70&apos;, ip: &apos;127.0.1.1&apos;, os.name: &apos;Linux&apos;, os.arch: &apos;amd64&apos;, os.version: &apos;4.4.0-83-generic&apos;, java.version: &apos;1.8.0_131&apos;
Driver info: io.appium.java_client.android.AndroidDriver
Capabilities [{appPackage=com.sei.android, networkConnectionEnabled=true, warnings={}, databaseEnabled=false, deviceName=LGK371e34dd34d, platform=LINUX, deviceUDID=LGK371e34dd34d, appActivity=com.sei.android.views.MainActivity, desired={appPackage=com.sei.android, appActivity=com.sei.android.views.MainActivity, newCommandTimeout=100, platformName=Android, deviceName=Android device}, newCommandTimeout=100, platformVersion=6.0, webStorageEnabled=false, locationContextEnabled=false, takesScreenshot=true, javascriptEnabled=true, platformName=Android}]
Session ID: adc92d1d-5fb4-4fbc-9447-bea66e5c66a7
*** Element info: {Using=-android uiautomator, value=new UiScrollable(new UiSelector().scrollable(true).instance(0)).scrollIntoView(new UiSelector().descriptionContains(&quot;18078&quot;).instance(0));new UiScrollable(new UiSelector().scrollable(true).instance(0)).scrollIntoView(new UiSelector().textContains(&quot;18078&quot;).instance(0));}" type="org.openqa.selenium.NoSuchElementException">org.openqa.selenium.NoSuchElementException: An element could not be located on the page using the given search parameters. (WARNING: The server did not provide any stacktrace information)
Command duration or timeout: 16.59 seconds
For documentation on this error, please visit: http://seleniumhq.org/exceptions/no_such_element.html
Build info: version: &apos;2.46.0&apos;, revision: &apos;61506a4624b13675f24581e453592342b7485d71&apos;, time: &apos;2015-06-04 10:22:50&apos;
System info: host: &apos;rahul-Lenovo-G50-70&apos;, ip: &apos;127.0.1.1&apos;, os.name: &apos;Linux&apos;, os.arch: &apos;amd64&apos;, os.version: &apos;4.4.0-83-generic&apos;, java.version: &apos;1.8.0_131&apos;
Driver info: io.appium.java_client.android.AndroidDriver
Capabilities [{appPackage=com.sei.android, networkConnectionEnabled=true, warnings={}, databaseEnabled=false, deviceName=LGK371e34dd34d, platform=LINUX, deviceUDID=LGK371e34dd34d, appActivity=com.sei.android.views.MainActivity, desired={appPackage=com.sei.android, appActivity=com.sei.android.views.MainActivity, newCommandTimeout=100, platformName=Android, deviceName=Android device}, newCommandTimeout=100, platformVersion=6.0, webStorageEnabled=false, locationContextEnabled=false, takesScreenshot=true, javascriptEnabled=true, platformName=Android}]
Session ID: adc92d1d-5fb4-4fbc-9447-bea66e5c66a7
*** Element info: {Using=-android uiautomator, value=new UiScrollable(new UiSelector().scrollable(true).instance(0)).scrollIntoView(new UiSelector().descriptionContains(&quot;18078&quot;).instance(0));new UiScrollable(new UiSelector().scrollable(true).instance(0)).scrollIntoView(new UiSelector().textContains(&quot;18078&quot;).instance(0));}
	at sun.reflect.NativeConstructorAccessorImpl.newInstance0(Native Method)
	at sun.reflect.NativeConstructorAccessorImpl.newInstance(NativeConstructorAccessorImpl.java:62)
	at sun.reflect.DelegatingConstructorAccessorImpl.newInstance(DelegatingConstructorAccessorImpl.java:45)
	at java.lang.reflect.Constructor.newInstance(Constructor.java:423)
	at org.openqa.selenium.remote.ErrorHandler.createThrowable(ErrorHandler.java:204)
	at org.openqa.selenium.remote.ErrorHandler.throwIfResponseFailed(ErrorHandler.java:156)
	at org.openqa.selenium.remote.RemoteWebDriver.execute(RemoteWebDriver.java:605)
	at io.appium.java_client.AppiumDriver.execute(AppiumDriver.java:180)
	at org.openqa.selenium.remote.RemoteWebDriver.findElement(RemoteWebDriver.java:358)
	at io.appium.java_client.android.AndroidDriver.findElementByAndroidUIAutomator(AndroidDriver.java:244)
	at io.appium.java_client.android.AndroidDriver.scrollTo(AndroidDriver.java:53)
	at TestingJenkins.hello(TestingJenkins.java:180)
	at sun.reflect.NativeMethodAccessorImpl.invoke0(Native Method)
	at sun.reflect.NativeMethodAccessorImpl.invoke(NativeMethodAccessorImpl.java:62)
	at sun.reflect.DelegatingMethodAccessorImpl.invoke(DelegatingMethodAccessorImpl.java:43)
	at java.lang.reflect.Method.invoke(Method.java:498)
	at org.junit.runners.model.FrameworkMethod$1.runReflectiveCall(FrameworkMethod.java:50)
	at org.junit.internal.runners.model.ReflectiveCallable.run(ReflectiveCallable.java:12)
	at org.junit.runners.model.FrameworkMethod.invokeExplosively(FrameworkMethod.java:47)
	at org.junit.internal.runners.statements.InvokeMethod.evaluate(InvokeMethod.java:17)
	at org.junit.runners.ParentRunner.runLeaf(ParentRunner.java:325)
	at org.junit.runners.BlockJUnit4ClassRunner.runChild(BlockJUnit4ClassRunner.java:78)
	at org.junit.runners.BlockJUnit4ClassRunner.runChild(BlockJUnit4ClassRunner.java:57)
	at org.junit.runners.ParentRunner$3.run(ParentRunner.java:290)
	at org.junit.runners.ParentRunner$1.schedule(ParentRunner.java:71)
	at org.junit.runners.ParentRunner.runChildren(ParentRunner.java:288)
	at org.junit.runners.ParentRunner.access$000(ParentRunner.java:58)
	at org.junit.runners.ParentRunner$2.evaluate(ParentRunner.java:268)
	at org.junit.runners.ParentRunner.run(ParentRunner.java:363)
	at org.apache.maven.surefire.junit4.JUnit4Provider.execute(JUnit4Provider.java:252)
	at org.apache.maven.surefire.junit4.JUnit4Provider.executeTestSet(JUnit4Provider.java:141)
	at org.apache.maven.surefire.junit4.JUnit4Provider.invoke(JUnit4Provider.java:112)
	at sun.reflect.NativeMethodAccessorImpl.invoke0(Native Method)
	at sun.reflect.NativeMethodAccessorImpl.invoke(NativeMethodAccessorImpl.java:62)
	at sun.reflect.DelegatingMethodAccessorImpl.invoke(DelegatingMethodAccessorImpl.java:43)
	at java.lang.reflect.Method.invoke(Method.java:498)
	at org.apache.maven.surefire.util.ReflectionUtils.invokeMethodWithArray(ReflectionUtils.java:189)
	at org.apache.maven.surefire.booter.ProviderFactory$ProviderProxy.invoke(ProviderFactory.java:165)
	at org.apache.maven.surefire.booter.ProviderFactory.invokeProvider(ProviderFactory.java:85)
	at org.apache.maven.surefire.booter.ForkedBooter.runSuitesInProcess(ForkedBooter.java:115)
	at org.apache.maven.surefire.booter.ForkedBooter.main(ForkedBooter.java:75)
</error>
    <system-out>&lt;?xml version=&quot;1.0&quot; encoding=&quot;UTF-8&quot;?&gt;&lt;hierarchy rotation=&quot;0&quot;&gt;&lt;android.widget.FrameLayout index=&quot;0&quot; text=&quot;&quot; class=&quot;android.widget.FrameLayout&quot; package=&quot;com.sei.android&quot; content-desc=&quot;&quot; checkable=&quot;false&quot; checked=&quot;false&quot; clickable=&quot;false&quot; enabled=&quot;true&quot; focusable=&quot;false&quot; focused=&quot;false&quot; scrollable=&quot;false&quot; long-clickable=&quot;false&quot; password=&quot;false&quot; selected=&quot;false&quot; bounds=&quot;[0,0][720,1187]&quot; resource-id=&quot;&quot; instance=&quot;0&quot;&gt;&lt;android.widget.LinearLayout index=&quot;0&quot; text=&quot;&quot; class=&quot;android.widget.LinearLayout&quot; package=&quot;com.sei.android&quot; content-desc=&quot;&quot; checkable=&quot;false&quot; checked=&quot;false&quot; clickable=&quot;false&quot; enabled=&quot;true&quot; focusable=&quot;false&quot; focused=&quot;false&quot; scrollable=&quot;false&quot; long-clickable=&quot;false&quot; password=&quot;false&quot; selected=&quot;false&quot; bounds=&quot;[0,0][720,1187]&quot; resource-id=&quot;&quot; instance=&quot;0&quot;&gt;&lt;android.widget.FrameLayout index=&quot;0&quot; text=&quot;&quot; class=&quot;android.widget.FrameLayout&quot; package=&quot;com.sei.android&quot; content-desc=&quot;&quot; checkable=&quot;false&quot; checked=&quot;false&quot; clickable=&quot;false&quot; enabled=&quot;true&quot; focusable=&quot;false&quot; focused=&quot;false&quot; scrollable=&quot;false&quot; long-clickable=&quot;false&quot; password=&quot;false&quot; selected=&quot;false&quot; bounds=&quot;[0,48][720,1187]&quot; resource-id=&quot;&quot; instance=&quot;1&quot;&gt;&lt;android.widget.LinearLayout index=&quot;0&quot; text=&quot;&quot; class=&quot;android.widget.LinearLayout&quot; package=&quot;com.sei.android&quot; content-desc=&quot;&quot; checkable=&quot;false&quot; checked=&quot;false&quot; clickable=&quot;false&quot; enabled=&quot;true&quot; focusable=&quot;false&quot; focused=&quot;false&quot; scrollable=&quot;false&quot; long-clickable=&quot;false&quot; password=&quot;false&quot; selected=&quot;false&quot; bounds=&quot;[0,48][720,1187]&quot; resource-id=&quot;com.sei.android:id/action_bar_root&quot; instance=&quot;1&quot;&gt;&lt;android.widget.FrameLayout index=&quot;0&quot; text=&quot;&quot; class=&quot;android.widget.FrameLayout&quot; package=&quot;com.sei.android&quot; content-desc=&quot;&quot; checkable=&quot;false&quot; checked=&quot;false&quot; clickable=&quot;false&quot; enabled=&quot;true&quot; focusable=&quot;false&quot; focused=&quot;false&quot; scrollable=&quot;false&quot; long-clickable=&quot;false&quot; password=&quot;false&quot; selected=&quot;false&quot; bounds=&quot;[0,48][720,1187]&quot; resource-id=&quot;android:id/content&quot; instance=&quot;2&quot;&gt;&lt;android.widget.RelativeLayout index=&quot;0&quot; text=&quot;&quot; class=&quot;android.widget.RelativeLayout&quot; package=&quot;com.sei.android&quot; content-desc=&quot;&quot; checkable=&quot;false&quot; checked=&quot;false&quot; clickable=&quot;false&quot; enabled=&quot;true&quot; focusable=&quot;false&quot; focused=&quot;false&quot; scrollable=&quot;false&quot; long-clickable=&quot;false&quot; password=&quot;false&quot; selected=&quot;false&quot; bounds=&quot;[0,48][720,1187]&quot; resource-id=&quot;&quot; instance=&quot;0&quot;&gt;&lt;android.widget.RelativeLayout index=&quot;0&quot; text=&quot;&quot; class=&quot;android.widget.RelativeLayout&quot; package=&quot;com.sei.android&quot; content-desc=&quot;&quot; checkable=&quot;false&quot; checked=&quot;false&quot; clickable=&quot;false&quot; enabled=&quot;true&quot; focusable=&quot;false&quot; focused=&quot;false&quot; scrollable=&quot;false&quot; long-clickable=&quot;false&quot; password=&quot;false&quot; selected=&quot;false&quot; bounds=&quot;[0,48][720,1187]&quot; resource-id=&quot;com.sei.android:id/overlayContainer&quot; instance=&quot;1&quot;/&gt;&lt;android.support.v4.widget.DrawerLayout index=&quot;1&quot; text=&quot;&quot; class=&quot;android.support.v4.widget.DrawerLayout&quot; package=&quot;com.sei.android&quot; content-desc=&quot;&quot; checkable=&quot;false&quot; checked=&quot;false&quot; clickable=&quot;false&quot; enabled=&quot;true&quot; focusable=&quot;false&quot; focused=&quot;false&quot; scrollable=&quot;false&quot; long-clickable=&quot;false&quot; password=&quot;false&quot; selected=&quot;false&quot; bounds=&quot;[0,48][720,1091]&quot; resource-id=&quot;com.sei.android:id/drawer_layout&quot; instance=&quot;0&quot;&gt;&lt;android.widget.FrameLayout index=&quot;0&quot; text=&quot;&quot; class=&quot;android.widget.FrameLayout&quot; package=&quot;com.sei.android&quot; content-desc=&quot;&quot; checkable=&quot;false&quot; checked=&quot;false&quot; clickable=&quot;false&quot; enabled=&quot;true&quot; focusable=&quot;false&quot; focused=&quot;false&quot; scrollable=&quot;false&quot; long-clickable=&quot;false&quot; password=&quot;false&quot; selected=&quot;false&quot; bounds=&quot;[0,48][720,1091]&quot; resource-id=&quot;com.sei.android:id/container&quot; instance=&quot;3&quot;&gt;&lt;android.widget.LinearLayout index=&quot;0&quot; text=&quot;&quot; class=&quot;android.widget.LinearLayout&quot; package=&quot;com.sei.android&quot; content-desc=&quot;&quot; checkable=&quot;false&quot; checked=&quot;false&quot; clickable=&quot;false&quot; enabled=&quot;true&quot; focusable=&quot;false&quot; focused=&quot;false&quot; scrollable=&quot;false&quot; long-clickable=&quot;false&quot; password=&quot;false&quot; selected=&quot;false&quot; bounds=&quot;[0,48][720,1091]&quot; resource-id=&quot;&quot; instance=&quot;2&quot;&gt;&lt;android.widget.LinearLayout index=&quot;0&quot; text=&quot;&quot; class=&quot;android.widget.LinearLayout&quot; package=&quot;com.sei.android&quot; content-desc=&quot;&quot; checkable=&quot;false&quot; checked=&quot;false&quot; clickable=&quot;false&quot; enabled=&quot;true&quot; focusable=&quot;false&quot; focused=&quot;false&quot; scrollable=&quot;false&quot; long-clickable=&quot;false&quot; password=&quot;false&quot; selected=&quot;false&quot; bounds=&quot;[0,48][720,1091]&quot; resource-id=&quot;&quot; instance=&quot;3&quot;&gt;&lt;android.view.ViewGroup index=&quot;0&quot; text=&quot;&quot; class=&quot;android.view.ViewGroup&quot; package=&quot;com.sei.android&quot; content-desc=&quot;&quot; checkable=&quot;false&quot; checked=&quot;false&quot; clickable=&quot;false&quot; enabled=&quot;true&quot; focusable=&quot;false&quot; focused=&quot;false&quot; scrollable=&quot;false&quot; long-clickable=&quot;false&quot; password=&quot;false&quot; selected=&quot;false&quot; bounds=&quot;[0,48][720,691]&quot; resource-id=&quot;com.sei.android:id/pullToRefreshLayout&quot; instance=&quot;0&quot;&gt;&lt;android.widget.RelativeLayout index=&quot;0&quot; text=&quot;&quot; class=&quot;android.widget.RelativeLayout&quot; package=&quot;com.sei.android&quot; content-desc=&quot;&quot; checkable=&quot;false&quot; checked=&quot;false&quot; clickable=&quot;false&quot; enabled=&quot;true&quot; focusable=&quot;false&quot; focused=&quot;false&quot; scrollable=&quot;false&quot; long-clickable=&quot;false&quot; password=&quot;false&quot; selected=&quot;false&quot; bounds=&quot;[0,48][720,691]&quot; resource-id=&quot;&quot; instance=&quot;2&quot;&gt;&lt;android.widget.LinearLayout index=&quot;0&quot; text=&quot;&quot; class=&quot;android.widget.LinearLayout&quot; package=&quot;com.sei.android&quot; content-desc=&quot;&quot; checkable=&quot;false&quot; checked=&quot;false&quot; clickable=&quot;false&quot; enabled=&quot;true&quot; focusable=&quot;false&quot; focused=&quot;false&quot; scrollable=&quot;false&quot; long-clickable=&quot;false&quot; password=&quot;false&quot; selected=&quot;false&quot; bounds=&quot;[0,48][720,64]&quot; resource-id=&quot;com.sei.android:id/brandingColorBar&quot; instance=&quot;4&quot;&gt;&lt;android.widget.FrameLayout index=&quot;0&quot; text=&quot;&quot; class=&quot;android.widget.FrameLayout&quot; package=&quot;com.sei.android&quot; content-desc=&quot;&quot; checkable=&quot;false&quot; checked=&quot;false&quot; clickable=&quot;false&quot; enabled=&quot;true&quot; focusable=&quot;false&quot; focused=&quot;false&quot; scrollable=&quot;false&quot; long-clickable=&quot;false&quot; password=&quot;false&quot; selected=&quot;false&quot; bounds=&quot;[0,48][180,64]&quot; resource-id=&quot;&quot; instance=&quot;4&quot;/&gt;&lt;android.widget.FrameLayout index=&quot;1&quot; text=&quot;&quot; class=&quot;android.widget.FrameLayout&quot; package=&quot;com.sei.android&quot; content-desc=&quot;&quot; checkable=&quot;false&quot; checked=&quot;false&quot; clickable=&quot;false&quot; enabled=&quot;true&quot; focusable=&quot;false&quot; focused=&quot;false&quot; scrollable=&quot;false&quot; long-clickable=&quot;false&quot; password=&quot;false&quot; selected=&quot;false&quot; bounds=&quot;[180,48][360,64]&quot; resource-id=&quot;&quot; instance=&quot;5&quot;/&gt;&lt;android.widget.FrameLayout index=&quot;2&quot; text=&quot;&quot; class=&quot;android.widget.FrameLayout&quot; package=&quot;com.sei.android&quot; content-desc=&quot;&quot; checkable=&quot;false&quot; checked=&quot;false&quot; clickable=&quot;false&quot; enabled=&quot;true&quot; focusable=&quot;false&quot; focused=&quot;false&quot; scrollable=&quot;false&quot; long-clickable=&quot;false&quot; password=&quot;false&quot; selected=&quot;false&quot; bounds=&quot;[360,48][540,64]&quot; resource-id=&quot;&quot; instance=&quot;6&quot;/&gt;&lt;android.widget.FrameLayout index=&quot;3&quot; text=&quot;&quot; class=&quot;android.widget.FrameLayout&quot; package=&quot;com.sei.android&quot; content-desc=&quot;&quot; checkable=&quot;false&quot; checked=&quot;false&quot; clickable=&quot;false&quot; enabled=&quot;true&quot; focusable=&quot;false&quot; focused=&quot;false&quot; scrollable=&quot;false&quot; long-clickable=&quot;false&quot; password=&quot;false&quot; selected=&quot;false&quot; bounds=&quot;[540,48][720,64]&quot; resource-id=&quot;&quot; instance=&quot;7&quot;/&gt;&lt;/android.widget.LinearLayout&gt;&lt;android.widget.TextView index=&quot;1&quot; text=&quot;Rahul&quot; class=&quot;android.widget.TextView&quot; package=&quot;com.sei.android&quot; content-desc=&quot;&quot; checkable=&quot;false&quot; checked=&quot;false&quot; clickable=&quot;true&quot; enabled=&quot;true&quot; focusable=&quot;false&quot; focused=&quot;false&quot; scrollable=&quot;false&quot; long-clickable=&quot;false&quot; password=&quot;false&quot; selected=&quot;false&quot; bounds=&quot;[284,104][435,167]&quot; resource-id=&quot;com.sei.android:id/seHomeName&quot; instance=&quot;0&quot;/&gt;&lt;android.widget.TextView index=&quot;2&quot; text=&quot;Member since Jun 2017&quot; class=&quot;android.widget.TextView&quot; package=&quot;com.sei.android&quot; content-desc=&quot;&quot; checkable=&quot;false&quot; checked=&quot;false&quot; clickable=&quot;false&quot; enabled=&quot;true&quot; focusable=&quot;false&quot; focused=&quot;false&quot; scrollable=&quot;false&quot; long-clickable=&quot;false&quot; password=&quot;false&quot; selected=&quot;false&quot; bounds=&quot;[207,177][513,208]&quot; resource-id=&quot;com.sei.android:id/seHomeMemberSince&quot; instance=&quot;1&quot;/&gt;&lt;android.widget.RelativeLayout index=&quot;3&quot; text=&quot;&quot; class=&quot;android.widget.RelativeLayout&quot; package=&quot;com.sei.android&quot; content-desc=&quot;&quot; checkable=&quot;false&quot; checked=&quot;false&quot; clickable=&quot;false&quot; enabled=&quot;true&quot; focusable=&quot;false&quot; focused=&quot;false&quot; scrollable=&quot;false&quot; long-clickable=&quot;false&quot; password=&quot;false&quot; selected=&quot;false&quot; bounds=&quot;[0,208][720,691]&quot; resource-id=&quot;com.sei.android:id/seHomeMemberIdContainer&quot; instance=&quot;3&quot;&gt;&lt;android.widget.ImageView index=&quot;0&quot; text=&quot;&quot; class=&quot;android.widget.ImageView&quot; package=&quot;com.sei.android&quot; content-desc=&quot;barcode&quot; checkable=&quot;false&quot; checked=&quot;false&quot; clickable=&quot;true&quot; enabled=&quot;true&quot; focusable=&quot;false&quot; focused=&quot;false&quot; scrollable=&quot;false&quot; long-clickable=&quot;false&quot; password=&quot;false&quot; selected=&quot;false&quot; bounds=&quot;[30,208][690,459]&quot; resource-id=&quot;com.sei.android:id/seHomeBarcode&quot; instance=&quot;0&quot;/&gt;&lt;android.widget.ImageView index=&quot;1&quot; text=&quot;&quot; class=&quot;android.widget.ImageView&quot; package=&quot;com.sei.android&quot; content-desc=&quot;&quot; checkable=&quot;false&quot; checked=&quot;false&quot; clickable=&quot;false&quot; enabled=&quot;true&quot; focusable=&quot;false&quot; focused=&quot;false&quot; scrollable=&quot;false&quot; long-clickable=&quot;false&quot; password=&quot;false&quot; selected=&quot;false&quot; bounds=&quot;[224,459][495,527]&quot; resource-id=&quot;com.sei.android:id/seHomeRewardsMessageAndLogo&quot; instance=&quot;1&quot;/&gt;&lt;android.widget.LinearLayout index=&quot;2&quot; text=&quot;&quot; class=&quot;android.widget.LinearLayout&quot; package=&quot;com.sei.android&quot; content-desc=&quot;&quot; checkable=&quot;false&quot; checked=&quot;false&quot; clickable=&quot;false&quot; enabled=&quot;true&quot; focusable=&quot;false&quot; focused=&quot;false&quot; scrollable=&quot;false&quot; long-clickable=&quot;false&quot; password=&quot;false&quot; selected=&quot;false&quot; bounds=&quot;[0,556][720,558]&quot; resource-id=&quot;com.sei.android:id/sePunchCardRewardComponent&quot; instance=&quot;5&quot;&gt;&lt;android.widget.RelativeLayout index=&quot;0&quot; text=&quot;&quot; class=&quot;android.widget.RelativeLayout&quot; package=&quot;com.sei.android&quot; content-desc=&quot;&quot; checkable=&quot;false&quot; checked=&quot;false&quot; clickable=&quot;false&quot; enabled=&quot;true&quot; focusable=&quot;false&quot; focused=&quot;false&quot; scrollable=&quot;false&quot; long-clickable=&quot;false&quot; password=&quot;false&quot; selected=&quot;false&quot; bounds=&quot;[0,556][720,558]&quot; resource-id=&quot;&quot; instance=&quot;4&quot;&gt;&lt;android.view.View index=&quot;1&quot; text=&quot;&quot; class=&quot;android.view.View&quot; package=&quot;com.sei.android&quot; content-desc=&quot;&quot; checkable=&quot;false&quot; checked=&quot;false&quot; clickable=&quot;false&quot; enabled=&quot;true&quot; focusable=&quot;false&quot; focused=&quot;false&quot; scrollable=&quot;false&quot; long-clickable=&quot;false&quot; password=&quot;false&quot; selected=&quot;false&quot; bounds=&quot;[40,556][680,558]&quot; resource-id=&quot;&quot; instance=&quot;0&quot;/&gt;&lt;/android.widget.RelativeLayout&gt;&lt;/android.widget.LinearLayout&gt;&lt;android.widget.ViewAnimator index=&quot;3&quot; text=&quot;&quot; class=&quot;android.widget.ViewAnimator&quot; package=&quot;com.sei.android&quot; content-desc=&quot;&quot; checkable=&quot;false&quot; checked=&quot;false&quot; clickable=&quot;false&quot; enabled=&quot;true&quot; focusable=&quot;false&quot; focused=&quot;false&quot; scrollable=&quot;false&quot; long-clickable=&quot;false&quot; password=&quot;false&quot; selected=&quot;false&quot; bounds=&quot;[0,587][720,691]&quot; resource-id=&quot;com.sei.android:id/seHomePunchcardContainer&quot; instance=&quot;0&quot;&gt;&lt;android.widget.LinearLayout index=&quot;0&quot; text=&quot;&quot; class=&quot;android.widget.LinearLayout&quot; package=&quot;com.sei.android&quot; content-desc=&quot;&quot; checkable=&quot;false&quot; checked=&quot;false&quot; clickable=&quot;true&quot; enabled=&quot;true&quot; focusable=&quot;false&quot; focused=&quot;false&quot; scrollable=&quot;false&quot; long-clickable=&quot;false&quot; password=&quot;false&quot; selected=&quot;false&quot; bounds=&quot;[0,587][720,691]&quot; resource-id=&quot;&quot; instance=&quot;6&quot;&gt;&lt;android.widget.RelativeLayout index=&quot;0&quot; text=&quot;&quot; class=&quot;android.widget.RelativeLayout&quot; package=&quot;com.sei.android&quot; content-desc=&quot;&quot; checkable=&quot;false&quot; checked=&quot;false&quot; clickable=&quot;false&quot; enabled=&quot;true&quot; focusable=&quot;false&quot; focused=&quot;false&quot; scrollable=&quot;false&quot; long-clickable=&quot;false&quot; password=&quot;false&quot; selected=&quot;false&quot; bounds=&quot;[0,587][720,691]&quot; resource-id=&quot;&quot; instance=&quot;5&quot;&gt;&lt;android.widget.LinearLayout index=&quot;0&quot; text=&quot;&quot; class=&quot;android.widget.LinearLayout&quot; package=&quot;com.sei.android&quot; content-desc=&quot;&quot; checkable=&quot;false&quot; checked=&quot;false&quot; clickable=&quot;false&quot; enabled=&quot;true&quot; focusable=&quot;false&quot; focused=&quot;false&quot; scrollable=&quot;false&quot; long-clickable=&quot;false&quot; password=&quot;false&quot; selected=&quot;false&quot; bounds=&quot;[40,599][680,679]&quot; resource-id=&quot;com.sei.android:id/newhomecontainer&quot; instance=&quot;7&quot;&gt;&lt;android.widget.RelativeLayout index=&quot;0&quot; text=&quot;&quot; class=&quot;android.widget.RelativeLayout&quot; package=&quot;com.sei.android&quot; content-desc=&quot;&quot; checkable=&quot;false&quot; checked=&quot;false&quot; clickable=&quot;false&quot; enabled=&quot;true&quot; focusable=&quot;false&quot; focused=&quot;false&quot; scrollable=&quot;false&quot; long-clickable=&quot;false&quot; password=&quot;false&quot; selected=&quot;false&quot; bounds=&quot;[107,606][173,671]&quot; resource-id=&quot;&quot; instance=&quot;6&quot;&gt;&lt;android.widget.TextView index=&quot;0&quot; text=&quot;t&quot; class=&quot;android.widget.TextView&quot; package=&quot;com.sei.android&quot; content-desc=&quot;&quot; checkable=&quot;false&quot; checked=&quot;false&quot; clickable=&quot;false&quot; enabled=&quot;true&quot; focusable=&quot;false&quot; focused=&quot;false&quot; scrollable=&quot;false&quot; long-clickable=&quot;false&quot; password=&quot;false&quot; selected=&quot;false&quot; bounds=&quot;[115,606][165,671]&quot; resource-id=&quot;com.sei.android:id/seRewardsItem&quot; instance=&quot;2&quot;/&gt;&lt;/android.widget.RelativeLayout&gt;&lt;android.widget.RelativeLayout index=&quot;1&quot; text=&quot;&quot; class=&quot;android.widget.RelativeLayout&quot; package=&quot;com.sei.android&quot; content-desc=&quot;&quot; checkable=&quot;false&quot; checked=&quot;false&quot; clickable=&quot;false&quot; enabled=&quot;true&quot; focusable=&quot;false&quot; focused=&quot;false&quot; scrollable=&quot;false&quot; long-clickable=&quot;false&quot; password=&quot;false&quot; selected=&quot;false&quot; bounds=&quot;[173,606][239,671]&quot; resource-id=&quot;&quot; instance=&quot;7&quot;&gt;&lt;android.widget.TextView index=&quot;0&quot; text=&quot;t&quot; class=&quot;android.widget.TextView&quot; package=&quot;com.sei.android&quot; content-desc=&quot;&quot; checkable=&quot;false&quot; checked=&quot;false&quot; clickable=&quot;false&quot; enabled=&quot;true&quot; focusable=&quot;false&quot; focused=&quot;false&quot; scrollable=&quot;false&quot; long-clickable=&quot;false&quot; password=&quot;false&quot; selected=&quot;false&quot; bounds=&quot;[181,606][231,671]&quot; resource-id=&quot;com.sei.android:id/seRewardsItem&quot; instance=&quot;3&quot;/&gt;&lt;/android.widget.RelativeLayout&gt;&lt;android.widget.RelativeLayout index=&quot;2&quot; text=&quot;&quot; class=&quot;android.widget.RelativeLayout&quot; package=&quot;com.sei.android&quot; content-desc=&quot;&quot; checkable=&quot;false&quot; checked=&quot;false&quot; clickable=&quot;false&quot; enabled=&quot;true&quot; focusable=&quot;false&quot; focused=&quot;false&quot; scrollable=&quot;false&quot; long-clickable=&quot;false&quot; password=&quot;false&quot; selected=&quot;false&quot; bounds=&quot;[239,606][305,671]&quot; resource-id=&quot;&quot; instance=&quot;8&quot;&gt;&lt;android.widget.TextView index=&quot;0&quot; text=&quot;t&quot; class=&quot;android.widget.TextView&quot; package=&quot;com.sei.android&quot; content-desc=&quot;&quot; checkable=&quot;false&quot; checked=&quot;false&quot; clickable=&quot;false&quot; enabled=&quot;true&quot; focusable=&quot;false&quot; focused=&quot;false&quot; scrollable=&quot;false&quot; long-clickable=&quot;false&quot; password=&quot;false&quot; selected=&quot;false&quot; bounds=&quot;[247,606][297,671]&quot; resource-id=&quot;com.sei.android:id/seRewardsItem&quot; instance=&quot;4&quot;/&gt;&lt;/android.widget.RelativeLayout&gt;&lt;android.widget.RelativeLayout index=&quot;3&quot; text=&quot;&quot; class=&quot;android.widget.RelativeLayout&quot; package=&quot;com.sei.android&quot; content-desc=&quot;&quot; checkable=&quot;false&quot; checked=&quot;false&quot; clickable=&quot;false&quot; enabled=&quot;true&quot; focusable=&quot;false&quot; focused=&quot;false&quot; scrollable=&quot;false&quot; long-clickable=&quot;false&quot; password=&quot;false&quot; selected=&quot;false&quot; bounds=&quot;[305,606][371,671]&quot; resource-id=&quot;&quot; instance=&quot;9&quot;&gt;&lt;android.widget.TextView index=&quot;0&quot; text=&quot;t&quot; class=&quot;android.widget.TextView&quot; package=&quot;com.sei.android&quot; content-desc=&quot;&quot; checkable=&quot;false&quot; checked=&quot;false&quot; clickable=&quot;false&quot; enabled=&quot;true&quot; focusable=&quot;false&quot; focused=&quot;false&quot; scrollable=&quot;false&quot; long-clickable=&quot;false&quot; password=&quot;false&quot; selected=&quot;false&quot; bounds=&quot;[313,606][363,671]&quot; resource-id=&quot;com.sei.android:id/seRewardsItem&quot; instance=&quot;5&quot;/&gt;&lt;/android.widget.RelativeLayout&gt;&lt;android.widget.RelativeLayout index=&quot;4&quot; text=&quot;&quot; class=&quot;android.widget.RelativeLayout&quot; package=&quot;com.sei.android&quot; content-desc=&quot;&quot; checkable=&quot;false&quot; checked=&quot;false&quot; clickable=&quot;false&quot; enabled=&quot;true&quot; focusable=&quot;false&quot; focused=&quot;false&quot; scrollable=&quot;false&quot; long-clickable=&quot;false&quot; password=&quot;false&quot; selected=&quot;false&quot; bounds=&quot;[371,606][437,671]&quot; resource-id=&quot;&quot; instance=&quot;10&quot;&gt;&lt;android.widget.TextView index=&quot;0&quot; text=&quot;t&quot; class=&quot;android.widget.TextView&quot; package=&quot;com.sei.android&quot; content-desc=&quot;&quot; checkable=&quot;false&quot; checked=&quot;false&quot; clickable=&quot;false&quot; enabled=&quot;true&quot; focusable=&quot;false&quot; focused=&quot;false&quot; scrollable=&quot;false&quot; long-clickable=&quot;false&quot; password=&quot;false&quot; selected=&quot;false&quot; bounds=&quot;[379,606][429,671]&quot; resource-id=&quot;com.sei.android:id/seRewardsItem&quot; instance=&quot;6&quot;/&gt;&lt;/android.widget.RelativeLayout&gt;&lt;android.widget.RelativeLayout index=&quot;5&quot; text=&quot;&quot; class=&quot;android.widget.RelativeLayout&quot; package=&quot;com.sei.android&quot; content-desc=&quot;&quot; checkable=&quot;false&quot; checked=&quot;false&quot; clickable=&quot;false&quot; enabled=&quot;true&quot; focusable=&quot;false&quot; focused=&quot;false&quot; scrollable=&quot;false&quot; long-clickable=&quot;false&quot; password=&quot;false&quot; selected=&quot;false&quot; bounds=&quot;[437,606][503,671]&quot; resource-id=&quot;&quot; instance=&quot;11&quot;&gt;&lt;android.widget.TextView index=&quot;0&quot; text=&quot;t&quot; class=&quot;android.widget.TextView&quot; package=&quot;com.sei.android&quot; content-desc=&quot;&quot; checkable=&quot;false&quot; checked=&quot;false&quot; clickable=&quot;false&quot; enabled=&quot;true&quot; focusable=&quot;false&quot; focused=&quot;false&quot; scrollable=&quot;false&quot; long-clickable=&quot;false&quot; password=&quot;false&quot; selected=&quot;false&quot; bounds=&quot;[445,606][495,671]&quot; resource-id=&quot;com.sei.android:id/seRewardsItem&quot; instance=&quot;7&quot;/&gt;&lt;/android.widget.RelativeLayout&gt;&lt;android.widget.RelativeLayout index=&quot;6&quot; text=&quot;&quot; class=&quot;android.widget.RelativeLayout&quot; package=&quot;com.sei.android&quot; content-desc=&quot;&quot; checkable=&quot;false&quot; checked=&quot;false&quot; clickable=&quot;false&quot; enabled=&quot;true&quot; focusable=&quot;false&quot; focused=&quot;false&quot; scrollable=&quot;false&quot; long-clickable=&quot;false&quot; password=&quot;false&quot; selected=&quot;false&quot; bounds=&quot;[503,616][612,662]&quot; resource-id=&quot;&quot; instance=&quot;12&quot;&gt;&lt;android.widget.TextView index=&quot;0&quot; text=&quot;FREE&quot; class=&quot;android.widget.TextView&quot; package=&quot;com.sei.android&quot; content-desc=&quot;&quot; checkable=&quot;false&quot; checked=&quot;false&quot; clickable=&quot;false&quot; enabled=&quot;true&quot; focusable=&quot;false&quot; focused=&quot;false&quot; scrollable=&quot;false&quot; long-clickable=&quot;false&quot; password=&quot;false&quot; selected=&quot;false&quot; bounds=&quot;[511,616][604,662]&quot; resource-id=&quot;com.sei.android:id/seRewardsItem&quot; instance=&quot;8&quot;/&gt;&lt;/android.widget.RelativeLayout&gt;&lt;/android.widget.LinearLayout&gt;&lt;/android.widget.RelativeLayout&gt;&lt;/android.widget.LinearLayout&gt;&lt;/android.widget.ViewAnimator&gt;&lt;/android.widget.RelativeLayout&gt;&lt;android.widget.RelativeLayout index=&quot;4&quot; text=&quot;&quot; class=&quot;android.widget.RelativeLayout&quot; package=&quot;com.sei.android&quot; content-desc=&quot;&quot; checkable=&quot;false&quot; checked=&quot;false&quot; clickable=&quot;false&quot; enabled=&quot;true&quot; focusable=&quot;false&quot; focused=&quot;false&quot; scrollable=&quot;false&quot; long-clickable=&quot;false&quot; password=&quot;false&quot; selected=&quot;false&quot; bounds=&quot;[0,228][720,691]&quot; resource-id=&quot;&quot; instance=&quot;13&quot;/&gt;&lt;/android.widget.RelativeLayout&gt;&lt;/android.view.ViewGroup&gt;&lt;android.widget.RelativeLayout index=&quot;1&quot; text=&quot;&quot; class=&quot;android.widget.RelativeLayout&quot; package=&quot;com.sei.android&quot; content-desc=&quot;&quot; checkable=&quot;false&quot; checked=&quot;false&quot; clickable=&quot;false&quot; enabled=&quot;true&quot; focusable=&quot;false&quot; focused=&quot;false&quot; scrollable=&quot;false&quot; long-clickable=&quot;false&quot; password=&quot;false&quot; selected=&quot;false&quot; bounds=&quot;[0,691][720,1091]&quot; resource-id=&quot;&quot; instance=&quot;14&quot;&gt;&lt;android.widget.FrameLayout index=&quot;0&quot; text=&quot;&quot; class=&quot;android.widget.FrameLayout&quot; package=&quot;com.sei.android&quot; content-desc=&quot;&quot; checkable=&quot;false&quot; checked=&quot;false&quot; clickable=&quot;false&quot; enabled=&quot;true&quot; focusable=&quot;false&quot; focused=&quot;false&quot; scrollable=&quot;false&quot; long-clickable=&quot;false&quot; password=&quot;false&quot; selected=&quot;false&quot; bounds=&quot;[0,691][720,1091]&quot; resource-id=&quot;com.sei.android:id/view&quot; instance=&quot;8&quot;&gt;&lt;android.support.v7.widget.RecyclerView index=&quot;0&quot; text=&quot;&quot; class=&quot;android.support.v7.widget.RecyclerView&quot; package=&quot;com.sei.android&quot; content-desc=&quot;&quot; checkable=&quot;false&quot; checked=&quot;false&quot; clickable=&quot;false&quot; enabled=&quot;true&quot; focusable=&quot;true&quot; focused=&quot;false&quot; scrollable=&quot;true&quot; long-clickable=&quot;false&quot; password=&quot;false&quot; selected=&quot;false&quot; bounds=&quot;[0,707][720,1091]&quot; resource-id=&quot;com.sei.android:id/seHomePager&quot; instance=&quot;0&quot;&gt;&lt;android.widget.RelativeLayout NAF=&quot;true&quot; index=&quot;0&quot; text=&quot;&quot; class=&quot;android.widget.RelativeLayout&quot; package=&quot;com.sei.android&quot; content-desc=&quot;&quot; checkable=&quot;false&quot; checked=&quot;false&quot; clickable=&quot;true&quot; enabled=&quot;true&quot; focusable=&quot;false&quot; focused=&quot;false&quot; scrollable=&quot;false&quot; long-clickable=&quot;false&quot; password=&quot;false&quot; selected=&quot;false&quot; bounds=&quot;[0,707][646,1091]&quot; resource-id=&quot;&quot; instance=&quot;15&quot;&gt;&lt;android.widget.RelativeLayout index=&quot;0&quot; text=&quot;&quot; class=&quot;android.widget.RelativeLayout&quot; package=&quot;com.sei.android&quot; content-desc=&quot;&quot; checkable=&quot;false&quot; checked=&quot;false&quot; clickable=&quot;false&quot; enabled=&quot;true&quot; focusable=&quot;false&quot; focused=&quot;false&quot; scrollable=&quot;false&quot; long-clickable=&quot;false&quot; password=&quot;false&quot; selected=&quot;false&quot; bounds=&quot;[0,707][646,1091]&quot; resource-id=&quot;&quot; instance=&quot;16&quot;&gt;&lt;android.widget.FrameLayout index=&quot;0&quot; text=&quot;&quot; class=&quot;android.widget.FrameLayout&quot; package=&quot;com.sei.android&quot; content-desc=&quot;&quot; checkable=&quot;false&quot; checked=&quot;false&quot; clickable=&quot;false&quot; enabled=&quot;true&quot; focusable=&quot;false&quot; focused=&quot;false&quot; scrollable=&quot;false&quot; long-clickable=&quot;false&quot; password=&quot;false&quot; selected=&quot;false&quot; bounds=&quot;[0,707][646,1091]&quot; resource-id=&quot;com.sei.android:id/cardView&quot; instance=&quot;9&quot;&gt;&lt;android.widget.ImageView index=&quot;0&quot; text=&quot;&quot; class=&quot;android.widget.ImageView&quot; package=&quot;com.sei.android&quot; content-desc=&quot;&quot; checkable=&quot;false&quot; checked=&quot;false&quot; clickable=&quot;false&quot; enabled=&quot;true&quot; focusable=&quot;false&quot; focused=&quot;false&quot; scrollable=&quot;false&quot; long-clickable=&quot;false&quot; password=&quot;false&quot; selected=&quot;false&quot; bounds=&quot;[0,707][646,1091]&quot; resource-id=&quot;com.sei.android:id/seHomeFlipperImage&quot; instance=&quot;2&quot;/&gt;&lt;android.widget.LinearLayout index=&quot;1&quot; text=&quot;&quot; class=&quot;android.widget.LinearLayout&quot; package=&quot;com.sei.android&quot; content-desc=&quot;&quot; checkable=&quot;false&quot; checked=&quot;false&quot; clickable=&quot;false&quot; enabled=&quot;true&quot; focusable=&quot;false&quot; focused=&quot;false&quot; scrollable=&quot;false&quot; long-clickable=&quot;false&quot; password=&quot;false&quot; selected=&quot;false&quot; bounds=&quot;[16,723][630,1075]&quot; resource-id=&quot;com.sei.android:id/seHomeFlipperLinearLayout&quot; instance=&quot;8&quot;&gt;&lt;android.webkit.WebView NAF=&quot;true&quot; index=&quot;0&quot; text=&quot;&quot; class=&quot;android.webkit.WebView&quot; package=&quot;com.sei.android&quot; content-desc=&quot;&quot; checkable=&quot;false&quot; checked=&quot;false&quot; clickable=&quot;true&quot; enabled=&quot;true&quot; focusable=&quot;true&quot; focused=&quot;false&quot; scrollable=&quot;false&quot; long-clickable=&quot;true&quot; password=&quot;false&quot; selected=&quot;false&quot; bounds=&quot;[16,723][630,1075]&quot; resource-id=&quot;com.sei.android:id/webView&quot; instance=&quot;0&quot;/&gt;&lt;/android.widget.LinearLayout&gt;&lt;/android.widget.FrameLayout&gt;&lt;/android.widget.RelativeLayout&gt;&lt;/android.widget.RelativeLayout&gt;&lt;android.widget.RelativeLayout NAF=&quot;true&quot; index=&quot;1&quot; text=&quot;&quot; class=&quot;android.widget.RelativeLayout&quot; package=&quot;com.sei.android&quot; content-desc=&quot;&quot; checkable=&quot;false&quot; checked=&quot;false&quot; clickable=&quot;true&quot; enabled=&quot;true&quot; focusable=&quot;false&quot; focused=&quot;false&quot; scrollable=&quot;false&quot; long-clickable=&quot;false&quot; password=&quot;false&quot; selected=&quot;false&quot; bounds=&quot;[656,707][720,1091]&quot; resource-id=&quot;&quot; instance=&quot;17&quot;&gt;&lt;android.widget.RelativeLayout index=&quot;0&quot; text=&quot;&quot; class=&quot;android.widget.RelativeLayout&quot; package=&quot;com.sei.android&quot; content-desc=&quot;&quot; checkable=&quot;false&quot; checked=&quot;false&quot; clickable=&quot;false&quot; enabled=&quot;true&quot; focusable=&quot;false&quot; focused=&quot;false&quot; scrollable=&quot;false&quot; long-clickable=&quot;false&quot; password=&quot;false&quot; selected=&quot;false&quot; bounds=&quot;[656,707][720,1091]&quot; resource-id=&quot;&quot; instance=&quot;18&quot;&gt;&lt;android.widget.FrameLayout index=&quot;0&quot; text=&quot;&quot; class=&quot;android.widget.FrameLayout&quot; package=&quot;com.sei.android&quot; content-desc=&quot;&quot; checkable=&quot;false&quot; checked=&quot;false&quot; clickable=&quot;false&quot; enabled=&quot;true&quot; focusable=&quot;false&quot; focused=&quot;false&quot; scrollable=&quot;false&quot; long-clickable=&quot;false&quot; password=&quot;false&quot; selected=&quot;false&quot; bounds=&quot;[656,707][720,1091]&quot; resource-id=&quot;com.sei.android:id/cardView&quot; instance=&quot;10&quot;&gt;&lt;android.widget.ImageView index=&quot;0&quot; text=&quot;&quot; class=&quot;android.widget.ImageView&quot; package=&quot;com.sei.android&quot; content-desc=&quot;&quot; checkable=&quot;false&quot; checked=&quot;false&quot; clickable=&quot;false&quot; enabled=&quot;true&quot; focusable=&quot;false&quot; focused=&quot;false&quot; scrollable=&quot;false&quot; long-clickable=&quot;false&quot; password=&quot;false&quot; selected=&quot;false&quot; bounds=&quot;[656,707][720,1091]&quot; resource-id=&quot;com.sei.android:id/seHomeFlipperImage&quot; instance=&quot;3&quot;/&gt;&lt;android.widget.LinearLayout index=&quot;1&quot; text=&quot;&quot; class=&quot;android.widget.LinearLayout&quot; package=&quot;com.sei.android&quot; content-desc=&quot;&quot; checkable=&quot;false&quot; checked=&quot;false&quot; clickable=&quot;false&quot; enabled=&quot;true&quot; focusable=&quot;false&quot; focused=&quot;false&quot; scrollable=&quot;false&quot; long-clickable=&quot;false&quot; password=&quot;false&quot; selected=&quot;false&quot; bounds=&quot;[672,723][720,1075]&quot; resource-id=&quot;com.sei.android:id/seHomeFlipperLinearLayout&quot; instance=&quot;9&quot;&gt;&lt;android.webkit.WebView NAF=&quot;true&quot; index=&quot;0&quot; text=&quot;&quot; class=&quot;android.webkit.WebView&quot; package=&quot;com.sei.android&quot; content-desc=&quot;&quot; checkable=&quot;false&quot; checked=&quot;false&quot; clickable=&quot;true&quot; enabled=&quot;true&quot; focusable=&quot;true&quot; focused=&quot;false&quot; scrollable=&quot;false&quot; long-clickable=&quot;true&quot; password=&quot;false&quot; selected=&quot;false&quot; bounds=&quot;[672,723][720,1075]&quot; resource-id=&quot;com.sei.android:id/webView&quot; instance=&quot;1&quot;/&gt;&lt;/android.widget.LinearLayout&gt;&lt;/android.widget.FrameLayout&gt;&lt;/android.widget.RelativeLayout&gt;&lt;/android.widget.RelativeLayout&gt;&lt;/android.support.v7.widget.RecyclerView&gt;&lt;/android.widget.FrameLayout&gt;&lt;/android.widget.RelativeLayout&gt;&lt;/android.widget.LinearLayout&gt;&lt;/android.widget.LinearLayout&gt;&lt;/android.widget.FrameLayout&gt;&lt;/android.support.v4.widget.DrawerLayout&gt;&lt;android.widget.RelativeLayout index=&quot;2&quot; text=&quot;&quot; class=&quot;android.widget.RelativeLayout&quot; package=&quot;com.sei.android&quot; content-desc=&quot;&quot; checkable=&quot;false&quot; checked=&quot;false&quot; clickable=&quot;false&quot; enabled=&quot;true&quot; focusable=&quot;false&quot; focused=&quot;false&quot; scrollable=&quot;false&quot; long-clickable=&quot;false&quot; password=&quot;false&quot; selected=&quot;false&quot; bounds=&quot;[0,1091][720,1187]&quot; resource-id=&quot;com.sei.android:id/staticNavBar&quot; instance=&quot;19&quot;&gt;&lt;android.widget.FrameLayout index=&quot;0&quot; text=&quot;&quot; class=&quot;android.widget.FrameLayout&quot; package=&quot;com.sei.android&quot; content-desc=&quot;&quot; checkable=&quot;false&quot; checked=&quot;false&quot; clickable=&quot;false&quot; enabled=&quot;true&quot; focusable=&quot;false&quot; focused=&quot;false&quot; scrollable=&quot;false&quot; long-clickable=&quot;false&quot; password=&quot;false&quot; selected=&quot;false&quot; bounds=&quot;[0,1091][720,1103]&quot; resource-id=&quot;com.sei.android:id/navGreyBar&quot; instance=&quot;11&quot;/&gt;&lt;android.widget.TextView index=&quot;1&quot; text=&quot;A&quot; class=&quot;android.widget.TextView&quot; package=&quot;com.sei.android&quot; content-desc=&quot;&quot; checkable=&quot;false&quot; checked=&quot;false&quot; clickable=&quot;true&quot; enabled=&quot;true&quot; focusable=&quot;false&quot; focused=&quot;false&quot; scrollable=&quot;false&quot; long-clickable=&quot;false&quot; password=&quot;false&quot; selected=&quot;false&quot; bounds=&quot;[650,1113][700,1180]&quot; resource-id=&quot;com.sei.android:id/navMenuIcon&quot; instance=&quot;9&quot;/&gt;&lt;/android.widget.RelativeLayout&gt;&lt;android.widget.FrameLayout index=&quot;3&quot; text=&quot;&quot; class=&quot;android.widget.FrameLayout&quot; package=&quot;com.sei.android&quot; content-desc=&quot;&quot; checkable=&quot;false&quot; checked=&quot;false&quot; clickable=&quot;false&quot; enabled=&quot;true&quot; focusable=&quot;false&quot; focused=&quot;false&quot; scrollable=&quot;false&quot; long-clickable=&quot;false&quot; password=&quot;false&quot; selected=&quot;false&quot; bounds=&quot;[252,1069][468,1187]&quot; resource-id=&quot;com.sei.android:id/staticNavBarBottomArt&quot; instance=&quot;12&quot;/&gt;&lt;android.widget.FrameLayout index=&quot;4&quot; text=&quot;&quot; class=&quot;android.widget.FrameLayout&quot; package=&quot;com.sei.android&quot; content-desc=&quot;&quot; checkable=&quot;false&quot; checked=&quot;false&quot; clickable=&quot;false&quot; enabled=&quot;true&quot; focusable=&quot;false&quot; focused=&quot;false&quot; scrollable=&quot;false&quot; long-clickable=&quot;false&quot; password=&quot;false&quot; selected=&quot;false&quot; bounds=&quot;[260,1075][460,1187]&quot; resource-id=&quot;com.sei.android:id/staticNavBarTopArt&quot; instance=&quot;13&quot;/&gt;&lt;android.widget.ImageView NAF=&quot;true&quot; index=&quot;5&quot; text=&quot;&quot; class=&quot;android.widget.ImageView&quot; package=&quot;com.sei.android&quot; content-desc=&quot;&quot; checkable=&quot;false&quot; checked=&quot;false&quot; clickable=&quot;true&quot; enabled=&quot;true&quot; focusable=&quot;false&quot; focused=&quot;false&quot; scrollable=&quot;false&quot; long-clickable=&quot;false&quot; password=&quot;false&quot; selected=&quot;false&quot; bounds=&quot;[262,1075][458,1187]&quot; resource-id=&quot;com.sei.android:id/navLogo&quot; instance=&quot;4&quot;/&gt;&lt;/android.widget.RelativeLayout&gt;&lt;/android.widget.FrameLayout&gt;&lt;/android.widget.LinearLayout&gt;&lt;/android.widget.FrameLayout&gt;&lt;/android.widget.LinearLayout&gt;&lt;android.view.View index=&quot;1&quot; text=&quot;&quot; class=&quot;android.view.View&quot; package=&quot;com.sei.android&quot; content-desc=&quot;&quot; checkable=&quot;false&quot; checked=&quot;false&quot; clickable=&quot;false&quot; enabled=&quot;true&quot; focusable=&quot;false&quot; focused=&quot;false&quot; scrollable=&quot;false&quot; long-clickable=&quot;false&quot; password=&quot;false&quot; selected=&quot;false&quot; bounds=&quot;[0,0][720,48]&quot; resource-id=&quot;android:id/statusBarBackground&quot; instance=&quot;1&quot;/&gt;&lt;android.view.View index=&quot;2&quot; text=&quot;&quot; class=&quot;android.view.View&quot; package=&quot;com.sei.android&quot; content-desc=&quot;&quot; checkable=&quot;false&quot; checked=&quot;false&quot; clickable=&quot;false&quot; enabled=&quot;true&quot; focusable=&quot;false&quot; focused=&quot;false&quot; scrollable=&quot;false&quot; long-clickable=&quot;false&quot; password=&quot;false&quot; selected=&quot;false&quot; bounds=&quot;[0,1187][720,1280]&quot; resource-id=&quot;android:id/navigationBarBackground&quot; instance=&quot;2&quot;/&gt;&lt;/android.widget.FrameLayout&gt;&lt;/hierarchy&gt;</system-out>
  </testcase>
</testsuite>